# JRE version: Java(TM) SE Runtime Environment (8.0_101-b13) (build 1.8.0_101-b13)
# Java VM: Java HotSpot(TM) 64-Bit Server VM (25.101-b13 mixed mode windows-amd64 compressed oops)
Heap:
 PSYoungGen      total 210432K, used 195263K [0x00000000ead80000, 0x00000000fee00000, 0x0000000100000000)
  eden space 195584K, 99% used [0x00000000ead80000,0x00000000f6c2fd88,0x00000000f6c80000)
  from space 14848K, 0% used [0x00000000f6c80000,0x00000000f6c80000,0x00000000f7b00000)
  to   space 23552K, 0% used [0x00000000fd700000,0x00000000fd700000,0x00000000fee00000)
 ParOldGen       total 76288K, used 39645K [0x00000000c0800000, 0x00000000c5280000, 0x00000000ead80000)
  object space 76288K, 51% used [0x00000000c0800000,0x00000000c2eb7528,0x00000000c5280000)
 Metaspace       used 25090K, capacity 26158K, committed 26544K, reserved 1073152K
  class space    used 3171K, capacity 3408K, committed 3504K, reserved 1048576K
GC Heap History (10 events):
Event: 6.689 GC heap before
{Heap before GC invocations=9 (full 0):
 PSYoungGen      total 134656K, used 83816K [0x00000000ead80000, 0x00000000f3680000, 0x0000000100000000)
  eden space 130560K, 63% used [0x00000000ead80000,0x00000000efebf9d0,0x00000000f2d00000)
  from space 4096K, 15% used [0x00000000f3180000,0x00000000f321a920,0x00000000f3580000)
  to   space 4608K, 0% used [0x00000000f2d00000,0x00000000f2d00000,0x00000000f3180000)
 ParOldGen       total 44032K, used 3736K [0x00000000c0800000, 0x00000000c3300000, 0x00000000ead80000)
  object space 44032K, 8% used [0x00000000c0800000,0x00000000c0ba63c0,0x00000000c3300000)
 Metaspace       used 20366K, capacity 21214K, committed 21296K, reserved 1067008K
  class space    used 2885K, capacity 3080K, committed 3120K, reserved 1048576K
Event: 6.709 GC heap after
Heap after GC invocations=9 (full 0):
 PSYoungGen      total 135168K, used 4582K [0x00000000ead80000, 0x00000000f8980000, 0x0000000100000000)
  eden space 130560K, 0% used [0x00000000ead80000,0x00000000ead80000,0x00000000f2d00000)
  from space 4608K, 99% used [0x00000000f2d00000,0x00000000f3179800,0x00000000f3180000)
  to   space 8192K, 0% used [0x00000000f8180000,0x00000000f8180000,0x00000000f8980000)
 ParOldGen       total 44032K, used 11094K [0x00000000c0800000, 0x00000000c3300000, 0x00000000ead80000)
  object space 44032K, 25% used [0x00000000c0800000,0x00000000c12d58d8,0x00000000c3300000)
 Metaspace       used 20366K, capacity 21214K, committed 21296K, reserved 1067008K
  class space    used 2885K, capacity 3080K, committed 3120K, reserved 1048576K
}
Event: 6.709 GC heap before
{Heap before GC invocations=10 (full 1):
 PSYoungGen      total 135168K, used 4582K [0x00000000ead80000, 0x00000000f8980000, 0x0000000100000000)
  eden space 130560K, 0% used [0x00000000ead80000,0x00000000ead80000,0x00000000f2d00000)
  from space 4608K, 99% used [0x00000000f2d00000,0x00000000f3179800,0x00000000f3180000)
  to   space 8192K, 0% used [0x00000000f8180000,0x00000000f8180000,0x00000000f8980000)
 ParOldGen       total 44032K, used 11094K [0x00000000c0800000, 0x00000000c3300000, 0x00000000ead80000)
  object space 44032K, 25% used [0x00000000c0800000,0x00000000c12d58d8,0x00000000c3300000)
 Metaspace       used 20366K, capacity 21214K, committed 21296K, reserved 1067008K
  class space    used 2885K, capacity 3080K, committed 3120K, reserved 1048576K
Event: 6.818 GC heap after
Heap after GC invocations=10 (full 1):
 PSYoungGen      total 135168K, used 0K [0x00000000ead80000, 0x00000000f8980000, 0x0000000100000000)
  eden space 130560K, 0% used [0x00000000ead80000,0x00000000ead80000,0x00000000f2d00000)
  from space 4608K, 0% used [0x00000000f2d00000,0x00000000f2d00000,0x00000000f3180000)
  to   space 8192K, 0% used [0x00000000f8180000,0x00000000f8180000,0x00000000f8980000)
 ParOldGen       total 39424K, used 15279K [0x00000000c0800000, 0x00000000c2e80000, 0x00000000ead80000)
  object space 39424K, 38% used [0x00000000c0800000,0x00000000c16ebd48,0x00000000c2e80000)
 Metaspace       used 20365K, capacity 21208K, committed 21296K, reserved 1067008K
  class space    used 2884K, capacity 3079K, committed 3120K, reserved 1048576K
}
Event: 25.514 GC heap before
{Heap before GC invocations=11 (full 1):
 PSYoungGen      total 135168K, used 130560K [0x00000000ead80000, 0x00000000f8980000, 0x0000000100000000)
  eden space 130560K, 100% used [0x00000000ead80000,0x00000000f2d00000,0x00000000f2d00000)
  from space 4608K, 0% used [0x00000000f2d00000,0x00000000f2d00000,0x00000000f3180000)
  to   space 8192K, 0% used [0x00000000f8180000,0x00000000f8180000,0x00000000f8980000)
 ParOldGen       total 39424K, used 15279K [0x00000000c0800000, 0x00000000c2e80000, 0x00000000ead80000)
  object space 39424K, 38% used [0x00000000c0800000,0x00000000c16ebd48,0x00000000c2e80000)
 Metaspace       used 23047K, capacity 24116K, committed 24368K, reserved 1071104K
  class space    used 3110K, capacity 3367K, committed 3376K, reserved 1048576K
Event: 25.543 GC heap after
Heap after GC invocations=11 (full 1):
 PSYoungGen      total 201728K, used 8188K [0x00000000ead80000, 0x00000000f8980000, 0x0000000100000000)
  eden space 193536K, 0% used [0x00000000ead80000,0x00000000ead80000,0x00000000f6a80000)
  from space 8192K, 99% used [0x00000000f8180000,0x00000000f897f260,0x00000000f8980000)
  to   space 14848K, 0% used [0x00000000f6c80000,0x00000000f6c80000,0x00000000f7b00000)
 ParOldGen       total 39424K, used 29235K [0x00000000c0800000, 0x00000000c2e80000, 0x00000000ead80000)
  object space 39424K, 74% used [0x00000000c0800000,0x00000000c248ce50,0x00000000c2e80000)
 Metaspace       used 23047K, capacity 24116K, committed 24368K, reserved 1071104K
  class space    used 3110K, capacity 3367K, committed 3376K, reserved 1048576K
}
Event: 39.268 GC heap before
{Heap before GC invocations=12 (full 1):
 PSYoungGen      total 201728K, used 201341K [0x00000000ead80000, 0x00000000f8980000, 0x0000000100000000)
  eden space 193536K, 99% used [0x00000000ead80000,0x00000000f6a204b0,0x00000000f6a80000)
  from space 8192K, 99% used [0x00000000f8180000,0x00000000f897f260,0x00000000f8980000)
  to   space 14848K, 0% used [0x00000000f6c80000,0x00000000f6c80000,0x00000000f7b00000)
 ParOldGen       total 39424K, used 29235K [0x00000000c0800000, 0x00000000c2e80000, 0x00000000ead80000)
  object space 39424K, 74% used [0x00000000c0800000,0x00000000c248ce50,0x00000000c2e80000)
 Metaspace       used 24471K, capacity 25600K, committed 25776K, reserved 1071104K
  class space    used 3151K, capacity 3401K, committed 3504K, reserved 1048576K
Event: 39.330 GC heap after
Heap after GC invocations=12 (full 1):
 PSYoungGen      total 210432K, used 14843K [0x00000000ead80000, 0x00000000fee00000, 0x0000000100000000)
  eden space 195584K, 0% used [0x00000000ead80000,0x00000000ead80000,0x00000000f6c80000)
  from space 14848K, 99% used [0x00000000f6c80000,0x00000000f7afec30,0x00000000f7b00000)
  to   space 23552K, 0% used [0x00000000fd700000,0x00000000fd700000,0x00000000fee00000)
 ParOldGen       total 46592K, used 46091K [0x00000000c0800000, 0x00000000c3580000, 0x00000000ead80000)
  object space 46592K, 98% used [0x00000000c0800000,0x00000000c3502e68,0x00000000c3580000)
 Metaspace       used 24471K, capacity 25600K, committed 25776K, reserved 1071104K
  class space    used 3151K, capacity 3401K, committed 3504K, reserved 1048576K
}
Event: 39.330 GC heap before
{Heap before GC invocations=13 (full 2):
 PSYoungGen      total 210432K, used 14843K [0x00000000ead80000, 0x00000000fee00000, 0x0000000100000000)
  eden space 195584K, 0% used [0x00000000ead80000,0x00000000ead80000,0x00000000f6c80000)
  from space 14848K, 99% used [0x00000000f6c80000,0x00000000f7afec30,0x00000000f7b00000)
  to   space 23552K, 0% used [0x00000000fd700000,0x00000000fd700000,0x00000000fee00000)
 ParOldGen       total 46592K, used 46091K [0x00000000c0800000, 0x00000000c3580000, 0x00000000ead80000)
  object space 46592K, 98% used [0x00000000c0800000,0x00000000c3502e68,0x00000000c3580000)
 Metaspace       used 24471K, capacity 25600K, committed 25776K, reserved 1071104K
  class space    used 3151K, capacity 3401K, committed 3504K, reserved 1048576K
Event: 39.509 GC heap after
Heap after GC invocations=13 (full 2):
 PSYoungGen      total 210432K, used 0K [0x00000000ead80000, 0x00000000fee00000, 0x0000000100000000)
  eden space 195584K, 0% used [0x00000000ead80000,0x00000000ead80000,0x00000000f6c80000)
  from space 14848K, 0% used [0x00000000f6c80000,0x00000000f6c80000,0x00000000f7b00000)
  to   space 23552K, 0% used [0x00000000fd700000,0x00000000fd700000,0x00000000fee00000)
 ParOldGen       total 76288K, used 39645K [0x00000000c0800000, 0x00000000c5280000, 0x00000000ead80000)
  object space 76288K, 51% used [0x00000000c0800000,0x00000000c2eb7528,0x00000000c5280000)
 Metaspace       used 24471K, capacity 25600K, committed 25776K, reserved 1071104K
  class space    used 3151K, capacity 3401K, committed 3504K, reserved 1048576K
}

